<?xml version="1.0" encoding="UTF-8"?>
<testsuite xmlns:xsi="http://www.w3.org/2001/XMLSchema-instance" xsi:noNamespaceSchemaLocation="https://maven.apache.org/surefire/maven-surefire-plugin/xsd/surefire-test-report-3.0.xsd" version="3.0" name="com.jagrosh.jmusicbot.FairQueueTest" time="0.044" tests="2" errors="0" skipped="0" failures="0">
  <properties>
    <property name="java.specification.version" value="22"/>
    <property name="sun.cpu.isalist" value="amd64"/>
    <property name="sun.jnu.encoding" value="Cp1251"/>
    <property name="java.class.path" value="G:\JMusicBot_UKR\target\test-classes;G:\JMusicBot_UKR\target\classes;C:\Users\world\.m2\repository\net\dv8tion\JDA\4.4.1_353\JDA-4.4.1_353.jar;C:\Users\world\.m2\repository\com\google\code\findbugs\jsr305\3.0.2\jsr305-3.0.2.jar;C:\Users\world\.m2\repository\org\jetbrains\annotations\16.0.1\annotations-16.0.1.jar;C:\Users\world\.m2\repository\org\slf4j\slf4j-api\1.7.25\slf4j-api-1.7.25.jar;C:\Users\world\.m2\repository\com\neovisionaries\nv-websocket-client\2.14\nv-websocket-client-2.14.jar;C:\Users\world\.m2\repository\com\squareup\okhttp3\okhttp\3.13.0\okhttp-3.13.0.jar;C:\Users\world\.m2\repository\com\squareup\okio\okio\1.17.2\okio-1.17.2.jar;C:\Users\world\.m2\repository\club\minnced\opus-java-api\1.1.0\opus-java-api-1.1.0.jar;C:\Users\world\.m2\repository\net\java\dev\jna\jna\4.4.0\jna-4.4.0.jar;C:\Users\world\.m2\repository\club\minnced\opus-java-natives\1.1.0\opus-java-natives-1.1.0.jar;C:\Users\world\.m2\repository\org\apache\commons\commons-collections4\4.1\commons-collections4-4.1.jar;C:\Users\world\.m2\repository\net\sf\trove4j\trove4j\3.0.3\trove4j-3.0.3.jar;C:\Users\world\.m2\repository\com\fasterxml\jackson\core\jackson-databind\2.10.1\jackson-databind-2.10.1.jar;C:\Users\world\.m2\repository\com\fasterxml\jackson\core\jackson-annotations\2.10.1\jackson-annotations-2.10.1.jar;C:\Users\world\.m2\repository\com\jagrosh\jda-utilities-command\3.0.5\jda-utilities-command-3.0.5.jar;C:\Users\world\.m2\repository\com\jagrosh\jda-utilities-commons\3.0.5\jda-utilities-commons-3.0.5.jar;C:\Users\world\.m2\repository\com\jagrosh\jda-utilities-doc\3.0.5\jda-utilities-doc-3.0.5.jar;C:\Users\world\.m2\repository\com\jagrosh\jda-utilities-examples\3.0.5\jda-utilities-examples-3.0.5.jar;C:\Users\world\.m2\repository\com\jagrosh\jda-utilities-menu\3.0.5\jda-utilities-menu-3.0.5.jar;C:\Users\world\.m2\repository\com\jagrosh\jda-utilities-oauth2\3.0.5\jda-utilities-oauth2-3.0.5.jar;C:\Users\world\.m2\repository\dev\arbjerg\lavaplayer\2.2.3\lavaplayer-2.2.3.jar;C:\Users\world\.m2\repository\dev\arbjerg\lava-common\2.2.3\lava-common-2.2.3.jar;C:\Users\world\.m2\repository\org\apache\httpcomponents\httpclient\4.5.14\httpclient-4.5.14.jar;C:\Users\world\.m2\repository\org\apache\httpcomponents\httpcore\4.4.16\httpcore-4.4.16.jar;C:\Users\world\.m2\repository\commons-logging\commons-logging\1.2\commons-logging-1.2.jar;C:\Users\world\.m2\repository\commons-codec\commons-codec\1.11\commons-codec-1.11.jar;C:\Users\world\.m2\repository\com\fasterxml\jackson\core\jackson-core\2.15.2\jackson-core-2.15.2.jar;C:\Users\world\.m2\repository\dev\arbjerg\lavaplayer-natives\2.2.3\lavaplayer-natives-2.2.3.jar;C:\Users\world\.m2\repository\org\mozilla\rhino-engine\1.7.14\rhino-engine-1.7.14.jar;C:\Users\world\.m2\repository\org\mozilla\rhino\1.7.14\rhino-1.7.14.jar;C:\Users\world\.m2\repository\commons-io\commons-io\2.13.0\commons-io-2.13.0.jar;C:\Users\world\.m2\repository\net\iharder\base64\2.3.9\base64-2.3.9.jar;C:\Users\world\.m2\repository\org\json\json\20240303\json-20240303.jar;C:\Users\world\.m2\repository\dev\lavalink\youtube\common\1.11.4\common-1.11.4.jar;C:\Users\world\.m2\repository\com\grack\nanojson\1.7\nanojson-1.7.jar;C:\Users\world\.m2\repository\com\github\jagrosh\JLyrics\master-01cf4ee007-1\JLyrics-master-01cf4ee007-1.jar;C:\Users\world\.m2\repository\com\dunctebot\sourcemanagers\1.9.0\sourcemanagers-1.9.0.jar;C:\Users\world\.m2\repository\ch\qos\logback\logback-classic\1.2.13\logback-classic-1.2.13.jar;C:\Users\world\.m2\repository\ch\qos\logback\logback-core\1.2.13\logback-core-1.2.13.jar;C:\Users\world\.m2\repository\com\typesafe\config\1.3.2\config-1.3.2.jar;C:\Users\world\.m2\repository\org\jsoup\jsoup\1.15.3\jsoup-1.15.3.jar;C:\Users\world\.m2\repository\junit\junit\4.13.1\junit-4.13.1.jar;C:\Users\world\.m2\repository\org\hamcrest\hamcrest-core\1.3\hamcrest-core-1.3.jar;"/>
    <property name="java.vm.vendor" value="Oracle Corporation"/>
    <property name="sun.arch.data.model" value="64"/>
    <property name="user.variant" value=""/>
    <property name="java.vendor.url" value="https://java.oracle.com/"/>
    <property name="user.timezone" value="Europe/Kiev"/>
    <property name="os.name" value="Windows 11"/>
    <property name="java.vm.specification.version" value="22"/>
    <property name="sun.java.launcher" value="SUN_STANDARD"/>
    <property name="user.country" value="UA"/>
    <property name="sun.boot.library.path" value="C:\Program Files\Java\jdk-22\bin"/>
    <property name="sun.java.command" value="C:\Users\world\AppData\Local\Temp\surefire10417850429304666014\surefirebooter-20250202171643817_3.jar C:\Users\world\AppData\Local\Temp\surefire10417850429304666014 2025-02-02T17-16-43_708-jvmRun1 surefire-20250202171643817_1tmp surefire_0-20250202171643817_2tmp"/>
    <property name="jdk.debug" value="release"/>
    <property name="surefire.test.class.path" value="G:\JMusicBot_UKR\target\test-classes;G:\JMusicBot_UKR\target\classes;C:\Users\world\.m2\repository\net\dv8tion\JDA\4.4.1_353\JDA-4.4.1_353.jar;C:\Users\world\.m2\repository\com\google\code\findbugs\jsr305\3.0.2\jsr305-3.0.2.jar;C:\Users\world\.m2\repository\org\jetbrains\annotations\16.0.1\annotations-16.0.1.jar;C:\Users\world\.m2\repository\org\slf4j\slf4j-api\1.7.25\slf4j-api-1.7.25.jar;C:\Users\world\.m2\repository\com\neovisionaries\nv-websocket-client\2.14\nv-websocket-client-2.14.jar;C:\Users\world\.m2\repository\com\squareup\okhttp3\okhttp\3.13.0\okhttp-3.13.0.jar;C:\Users\world\.m2\repository\com\squareup\okio\okio\1.17.2\okio-1.17.2.jar;C:\Users\world\.m2\repository\club\minnced\opus-java-api\1.1.0\opus-java-api-1.1.0.jar;C:\Users\world\.m2\repository\net\java\dev\jna\jna\4.4.0\jna-4.4.0.jar;C:\Users\world\.m2\repository\club\minnced\opus-java-natives\1.1.0\opus-java-natives-1.1.0.jar;C:\Users\world\.m2\repository\org\apache\commons\commons-collections4\4.1\commons-collections4-4.1.jar;C:\Users\world\.m2\repository\net\sf\trove4j\trove4j\3.0.3\trove4j-3.0.3.jar;C:\Users\world\.m2\repository\com\fasterxml\jackson\core\jackson-databind\2.10.1\jackson-databind-2.10.1.jar;C:\Users\world\.m2\repository\com\fasterxml\jackson\core\jackson-annotations\2.10.1\jackson-annotations-2.10.1.jar;C:\Users\world\.m2\repository\com\jagrosh\jda-utilities-command\3.0.5\jda-utilities-command-3.0.5.jar;C:\Users\world\.m2\repository\com\jagrosh\jda-utilities-commons\3.0.5\jda-utilities-commons-3.0.5.jar;C:\Users\world\.m2\repository\com\jagrosh\jda-utilities-doc\3.0.5\jda-utilities-doc-3.0.5.jar;C:\Users\world\.m2\repository\com\jagrosh\jda-utilities-examples\3.0.5\jda-utilities-examples-3.0.5.jar;C:\Users\world\.m2\repository\com\jagrosh\jda-utilities-menu\3.0.5\jda-utilities-menu-3.0.5.jar;C:\Users\world\.m2\repository\com\jagrosh\jda-utilities-oauth2\3.0.5\jda-utilities-oauth2-3.0.5.jar;C:\Users\world\.m2\repository\dev\arbjerg\lavaplayer\2.2.3\lavaplayer-2.2.3.jar;C:\Users\world\.m2\repository\dev\arbjerg\lava-common\2.2.3\lava-common-2.2.3.jar;C:\Users\world\.m2\repository\org\apache\httpcomponents\httpclient\4.5.14\httpclient-4.5.14.jar;C:\Users\world\.m2\repository\org\apache\httpcomponents\httpcore\4.4.16\httpcore-4.4.16.jar;C:\Users\world\.m2\repository\commons-logging\commons-logging\1.2\commons-logging-1.2.jar;C:\Users\world\.m2\repository\commons-codec\commons-codec\1.11\commons-codec-1.11.jar;C:\Users\world\.m2\repository\com\fasterxml\jackson\core\jackson-core\2.15.2\jackson-core-2.15.2.jar;C:\Users\world\.m2\repository\dev\arbjerg\lavaplayer-natives\2.2.3\lavaplayer-natives-2.2.3.jar;C:\Users\world\.m2\repository\org\mozilla\rhino-engine\1.7.14\rhino-engine-1.7.14.jar;C:\Users\world\.m2\repository\org\mozilla\rhino\1.7.14\rhino-1.7.14.jar;C:\Users\world\.m2\repository\commons-io\commons-io\2.13.0\commons-io-2.13.0.jar;C:\Users\world\.m2\repository\net\iharder\base64\2.3.9\base64-2.3.9.jar;C:\Users\world\.m2\repository\org\json\json\20240303\json-20240303.jar;C:\Users\world\.m2\repository\dev\lavalink\youtube\common\1.11.4\common-1.11.4.jar;C:\Users\world\.m2\repository\com\grack\nanojson\1.7\nanojson-1.7.jar;C:\Users\world\.m2\repository\com\github\jagrosh\JLyrics\master-01cf4ee007-1\JLyrics-master-01cf4ee007-1.jar;C:\Users\world\.m2\repository\com\dunctebot\sourcemanagers\1.9.0\sourcemanagers-1.9.0.jar;C:\Users\world\.m2\repository\ch\qos\logback\logback-classic\1.2.13\logback-classic-1.2.13.jar;C:\Users\world\.m2\repository\ch\qos\logback\logback-core\1.2.13\logback-core-1.2.13.jar;C:\Users\world\.m2\repository\com\typesafe\config\1.3.2\config-1.3.2.jar;C:\Users\world\.m2\repository\org\jsoup\jsoup\1.15.3\jsoup-1.15.3.jar;C:\Users\world\.m2\repository\junit\junit\4.13.1\junit-4.13.1.jar;C:\Users\world\.m2\repository\org\hamcrest\hamcrest-core\1.3\hamcrest-core-1.3.jar;"/>
    <property name="sun.cpu.endian" value="little"/>
    <property name="user.home" value="C:\Users\world"/>
    <property name="user.language" value="uk"/>
    <property name="java.specification.vendor" value="Oracle Corporation"/>
    <property name="java.version.date" value="2024-04-16"/>
    <property name="java.home" value="C:\Program Files\Java\jdk-22"/>
    <property name="file.separator" value="\"/>
    <property name="basedir" value="G:\JMusicBot_UKR"/>
    <property name="java.vm.compressedOopsMode" value="Zero based"/>
    <property name="line.separator" value="&#10;"/>
    <property name="java.vm.specification.vendor" value="Oracle Corporation"/>
    <property name="java.specification.name" value="Java Platform API Specification"/>
    <property name="surefire.real.class.path" value="C:\Users\world\AppData\Local\Temp\surefire10417850429304666014\surefirebooter-20250202171643817_3.jar"/>
    <property name="user.script" value=""/>
    <property name="sun.management.compiler" value="HotSpot 64-Bit Tiered Compilers"/>
    <property name="java.runtime.version" value="22.0.1+8-16"/>
    <property name="user.name" value="world"/>
    <property name="stdout.encoding" value="Cp1251"/>
    <property name="path.separator" value=";"/>
    <property name="os.version" value="10.0"/>
    <property name="java.runtime.name" value="Java(TM) SE Runtime Environment"/>
    <property name="file.encoding" value="UTF-8"/>
    <property name="java.vm.name" value="Java HotSpot(TM) 64-Bit Server VM"/>
    <property name="localRepository" value="C:\Users\world\.m2\repository"/>
    <property name="java.vendor.url.bug" value="https://bugreport.java.com/bugreport/"/>
    <property name="java.io.tmpdir" value="C:\Users\world\AppData\Local\Temp\"/>
    <property name="java.version" value="22.0.1"/>
    <property name="user.dir" value="G:\JMusicBot_UKR"/>
    <property name="os.arch" value="amd64"/>
    <property name="java.vm.specification.name" value="Java Virtual Machine Specification"/>
    <property name="sun.os.patch.level" value=""/>
    <property name="native.encoding" value="Cp1251"/>
    <property name="java.library.path" value="C:\Program Files\Java\jdk-22\bin;C:\WINDOWS\Sun\Java\bin;C:\WINDOWS\system32;C:\WINDOWS;C:\Users\world\bin;C:\Program Files\Git\mingw64\bin;C:\Program Files\Git\usr\local\bin;C:\Program Files\Git\usr\bin;C:\Program Files\Git\usr\bin;C:\Program Files\Git\mingw64\bin;C:\Program Files\Git\usr\bin;C:\Users\world\bin;C:\Users\world\AppData\Local\Programs\cursor\resources\app\bin;C:\Users\world\AppData\Local\Programs\Python\Python312\Scripts;C:\Users\world\AppData\Roaming\nvm;C:\Users\world\AppData\Local\Programs\Python\Python312;C:\Program Files\Common Files\Oracle\Java\javapath;C:\Program Files\Microsoft MPI\Bin;C:\WINDOWS\system32;C:\WINDOWS;C:\WINDOWS\System32\Wbem;C:\WINDOWS\System32\WindowsPowerShell\v1.0;C:\WINDOWS\System32\OpenSSH;C:\Program Files (x86)\NVIDIA Corporation\PhysX\Common;C:\Program Files\dotnet;C:\WINDOWS\system32;C:\WINDOWS;C:\WINDOWS\System32\Wbem;C:\WINDOWS\System32\WindowsPowerShell\v1.0;C:\WINDOWS\System32\OpenSSH;C:\Gradle\gradle-8.7\bin;C:\Program Files\Apache\apache-maven-3.9.7\bin;C:\Users\world\AppData\Local\Programs\Python\Python311\Scripts;C:\Users\world\AppData\Local\Programs\Python\Python311;C:\Users\world\AppData\Local\Microsoft\WindowsApps;C:\Users\wo;C:\Users\world\AppData\Local\Programs\cursor\resources\app\bin;C:\Users\world\AppData\Roaming\nvm;C:\Program Files\nodejs;C:\Program Files\IDM Computer Solutions\UltraEdit;C:\Program Files\NVIDIA Corporation\NVIDIA app\NvDLISR;C:\Program Files\PuTTY;C:\Program Files\Git\cmd;C:\ffmpeg\bin;C:\Program Files\PowerShell\7;?C;C:\Program Files\Git\chromedriver-win64\chromedriver.exe;?C;C:\Program Files\Git\chromedriver-win64\chromedriver;?C;C:\Program Files\Git\chromedriver-win64;C:\Users\world\AppData\Local\Programs\Python\Python311\Scripts;C:\Users\world\AppData\Local\Programs\Python\Python311;C:\Users\world\AppData\Local\Microsoft\WindowsApps;C:\Users\world\AppData\Local\Programs\Microsoft VS Code\bin;C:\Users\world\AppData\Local\Programs\Ollama;C:\Users\world\AppData\Roaming\nvm;C:\Program Files\nodejs;C:\Gradle\gradle-8.7\bin;C:\Program Files\Apache\apache-maven-3.9.7\bin;C:\Users\world\.dotnet\tools;C:\Program Files\heroku\bin;C:\ffmpeg\bin;?C;C:\Program Files\Git\chromedriver-win64\chromedriver.exe;?C;C:\Program Files\Git\chromedriver-win64;?C;C:\Program Files\Git\chromedriver-win64\chromedriver;C:\Program Files\Git\usr\bin\vendor_perl;C:\Program Files\Git\usr\bin\core_perl;."/>
    <property name="java.vm.info" value="mixed mode, sharing"/>
    <property name="stderr.encoding" value="Cp1251"/>
    <property name="java.vendor" value="Oracle Corporation"/>
    <property name="java.vm.version" value="22.0.1+8-16"/>
    <property name="sun.io.unicode.encoding" value="UnicodeLittle"/>
    <property name="java.class.version" value="66.0"/>
  </properties>
  <testcase name="sameIdentifierSize" classname="com.jagrosh.jmusicbot.FairQueueTest" time="0.005"/>
  <testcase name="differentIdentifierSize" classname="com.jagrosh.jmusicbot.FairQueueTest" time="0.002"/>
</testsuite>